2018-06-15 13:51:03,479:ERROR:__main__:hello this application is running
2018-06-15 13:51:04,591:ERROR:__main__:in thread <class '__main__.NumOfAppOpen'> is This:
2018-06-15 13:51:04,591:ERROR:__main__:hello i am in thread Run Function
2018-06-15 13:51:04,592:ERROR:__main__:<bound method Process.name of psutil.Process(pid=0, name='kernel_task', started='2018-06-12 12:45:40')>
2018-06-15 13:51:04,592:ERROR:__main__:<bound method Process.name of psutil.Process(pid=1, name='launchd', started='2018-06-12 12:45:40')>
2018-06-15 13:51:04,593:ERROR:__main__:<bound method Process.name of psutil.Process(pid=33, name='syslogd', started='2018-06-12 12:45:41')>
2018-06-15 13:51:04,593:ERROR:__main__:<bound method Process.name of psutil.Process(pid=34, name='UserEventAgent', started='2018-06-12 12:45:41')>
2018-06-15 13:51:04,593:ERROR:__main__:<bound method Process.name of psutil.Process(pid=36, name='uninstalld', started='2018-06-12 12:45:41')>
2018-06-15 13:51:04,593:ERROR:__main__:<bound method Process.name of psutil.Process(pid=37, name='kextd', started='2018-06-12 12:45:41')>
2018-06-15 13:51:04,593:ERROR:__main__:<bound method Process.name of psutil.Process(pid=38, name='fseventsd', started='2018-06-12 12:45:41')>
2018-06-15 13:51:04,594:ERROR:__main__:<bound method Process.name of psutil.Process(pid=40, name='mediaremoted', started='2018-06-12 12:45:41')>
2018-06-15 13:51:04,594:ERROR:__main__:<bound method Process.name of psutil.Process(pid=43, name='appleeventsd', started='2018-06-12 12:45:41')>
2018-06-15 13:51:04,594:ERROR:__main__:<bound method Process.name of psutil.Process(pid=44, name='configd', started='2018-06-12 12:45:41')>
2018-06-15 13:51:04,594:ERROR:__main__:<bound method Process.name of psutil.Process(pid=45, name='powerd', started='2018-06-12 12:45:41')>
2018-06-15 13:51:04,594:ERROR:__main__:<bound method Process.name of psutil.Process(pid=46, name='mobileassetd', started='2018-06-12 12:45:41')>
2018-06-15 13:51:04,595:ERROR:__main__:<bound method Process.name of psutil.Process(pid=52, name='logd', started='2018-06-12 12:45:41')>
2018-06-15 13:51:04,595:ERROR:__main__:<bound method Process.name of psutil.Process(pid=56, name='airportd', started='2018-06-12 12:45:41')>
2018-06-15 13:51:04,595:ERROR:__main__:<bound method Process.name of psutil.Process(pid=57, name='warmd', started='2018-06-12 12:45:41')>
2018-06-15 13:51:04,595:ERROR:__main__:<bound method Process.name of psutil.Process(pid=59, name='mds', started='2018-06-12 12:45:41')>
2018-06-15 13:51:04,595:ERROR:__main__:<bound method Process.name of psutil.Process(pid=64, name='iconservicesd', started='2018-06-12 12:45:41')>
2018-06-15 13:51:04,596:ERROR:__main__:<bound method Process.name of psutil.Process(pid=65, name='iconservicesagen', started='2018-06-12 12:45:41')>
2018-06-15 13:51:04,596:ERROR:__main__:<bound method Process.name of psutil.Process(pid=67, name='diskarbitrationd', started='2018-06-12 12:45:41')>
2018-06-15 13:51:04,596:ERROR:__main__:<bound method Process.name of psutil.Process(pid=69, name='coreduetd', started='2018-06-12 12:45:41')>
2018-06-15 13:51:04,596:ERROR:__main__:<bound method Process.name of psutil.Process(pid=70, name='wdhelper', started='2018-06-12 12:45:41')>
2018-06-15 13:51:04,596:ERROR:__main__:<bound method Process.name of psutil.Process(pid=75, name='opendirectoryd', started='2018-06-12 12:45:41')>
2018-06-15 13:51:04,597:ERROR:__main__:<bound method Process.name of psutil.Process(pid=76, name='wirelessproxd', started='2018-06-12 12:45:41')>
2018-06-15 13:51:04,597:ERROR:__main__:<bound method Process.name of psutil.Process(pid=78, name='apsd', started='2018-06-12 12:45:41')>
2018-06-15 13:51:04,597:ERROR:__main__:<bound method Process.name of psutil.Process(pid=79, name='nbstated', started='2018-06-12 12:45:41')>
2018-06-15 13:51:04,597:ERROR:__main__:<bound method Process.name of psutil.Process(pid=80, name='launchservicesd', started='2018-06-12 12:45:41')>
2018-06-15 13:51:04,597:ERROR:__main__:<bound method Process.name of psutil.Process(pid=81, name='usbmuxd', started='2018-06-12 12:45:41')>
2018-06-15 13:51:04,598:ERROR:__main__:<bound method Process.name of psutil.Process(pid=82, name='securityd', started='2018-06-12 12:45:41')>
2018-06-15 13:51:04,598:ERROR:__main__:<bound method Process.name of psutil.Process(pid=84, name='locationd', started='2018-06-12 12:45:41')>
2018-06-15 13:51:04,598:ERROR:__main__:<bound method Process.name of psutil.Process(pid=86, name='DuetHeuristic-BM', started='2018-06-12 12:45:41')>
2018-06-15 13:51:04,598:ERROR:__main__:<bound method Process.name of psutil.Process(pid=87, name='displaypolicyd', started='2018-06-12 12:45:41')>
2018-06-15 13:51:04,599:ERROR:__main__:<bound method Process.name of psutil.Process(pid=88, name='blued', started='2018-06-12 12:45:41')>
2018-06-15 13:51:04,599:ERROR:__main__:<bound method Process.name of psutil.Process(pid=89, name='autofsd', started='2018-06-12 12:45:41')>
2018-06-15 13:51:04,599:ERROR:__main__:<bound method Process.name of psutil.Process(pid=93, name='revisiond', started='2018-06-12 12:45:41')>
2018-06-15 13:51:04,599:ERROR:__main__:<bound method Process.name of psutil.Process(pid=94, name='loginwindow', started='2018-06-12 12:45:41')>
2018-06-15 13:51:04,599:ERROR:__main__:<bound method Process.name of psutil.Process(pid=95, name='logind', started='2018-06-12 12:45:41')>
2018-06-15 13:51:04,599:ERROR:__main__:<bound method Process.name of psutil.Process(pid=96, name='KernelEventAgent', started='2018-06-12 12:45:41')>
2018-06-15 13:51:04,600:ERROR:__main__:<bound method Process.name of psutil.Process(pid=98, name='hidd', started='2018-06-12 12:45:41')>
2018-06-15 13:51:04,600:ERROR:__main__:<bound method Process.name of psutil.Process(pid=99, name='corebrightnessd', started='2018-06-12 12:45:41')>
2018-06-15 13:51:04,600:ERROR:__main__:<bound method Process.name of psutil.Process(pid=100, name='AirPlayXPCHelper', started='2018-06-12 12:45:41')>
2018-06-15 13:51:04,601:ERROR:__main__:<bound method Process.name of psutil.Process(pid=101, name='notifyd', started='2018-06-12 12:45:41')>
2018-06-15 13:51:04,601:ERROR:__main__:<bound method Process.name of psutil.Process(pid=102, name='distnoted', started='2018-06-12 12:45:41')>
2018-06-15 13:51:04,601:ERROR:__main__:<bound method Process.name of psutil.Process(pid=103, name='amfid', started='2018-06-12 12:45:41')>
2018-06-15 13:51:04,601:ERROR:__main__:<bound method Process.name of psutil.Process(pid=104, name='cfprefsd', started='2018-06-12 12:45:41')>
2018-06-15 13:51:04,601:ERROR:__main__:<bound method Process.name of psutil.Process(pid=106, name='coreservicesd', started='2018-06-12 12:45:41')>
2018-06-15 13:51:04,601:ERROR:__main__:<bound method Process.name of psutil.Process(pid=107, name='authd', started='2018-06-12 12:45:41')>
2018-06-15 13:51:04,602:ERROR:__main__:<bound method Process.name of psutil.Process(pid=112, name='trustd', started='2018-06-12 12:45:42')>
2018-06-15 13:51:04,602:ERROR:__main__:<bound method Process.name of psutil.Process(pid=113, name='com.apple.ctkpcs', started='2018-06-12 12:45:42')>
2018-06-15 13:51:04,602:ERROR:__main__:<bound method Process.name of psutil.Process(pid=115, name='ctkd', started='2018-06-12 12:45:42')>
2018-06-15 13:51:04,602:ERROR:__main__:<bound method Process.name of psutil.Process(pid=116, name='WindowServer', started='2018-06-12 12:45:42')>
2018-06-15 13:51:04,602:ERROR:__main__:<bound method Process.name of psutil.Process(pid=118, name='aslmanager', started='2018-06-12 12:45:42')>
2018-06-15 13:51:04,603:ERROR:__main__:<bound method Process.name of psutil.Process(pid=128, name='lsd', started='2018-06-12 12:45:43')>
2018-06-15 13:51:04,603:ERROR:__main__:<bound method Process.name of psutil.Process(pid=130, name='sandboxd', started='2018-06-12 12:45:43')>
2018-06-15 13:51:04,603:ERROR:__main__:<bound method Process.name of psutil.Process(pid=142, name='awdd', started='2018-06-12 12:45:43')>
2018-06-15 13:51:04,603:ERROR:__main__:<bound method Process.name of psutil.Process(pid=143, name='mDNSResponder', started='2018-06-12 12:45:43')>
2018-06-15 13:51:04,603:ERROR:__main__:<bound method Process.name of psutil.Process(pid=144, name='mds_stores', started='2018-06-12 12:45:43')>
2018-06-15 13:51:04,604:ERROR:__main__:<bound method Process.name of psutil.Process(pid=146, name='mDNSResponderHel', started='2018-06-12 12:45:43')>
2018-06-15 13:51:04,604:ERROR:__main__:<bound method Process.name of psutil.Process(pid=149, name='findmydeviced', started='2018-06-12 12:45:43')>
2018-06-15 13:51:04,604:ERROR:__main__:<bound method Process.name of psutil.Process(pid=154, name='com.apple.Ambien', started='2018-06-12 12:45:43')>
2018-06-15 13:51:04,604:ERROR:__main__:<bound method Process.name of psutil.Process(pid=161, name='systemstats', started='2018-06-12 12:45:43')>
2018-06-15 13:51:04,605:ERROR:__main__:<bound method Process.name of psutil.Process(pid=162, name='CVMServer', started='2018-06-12 12:45:44')>
2018-06-15 13:51:04,605:ERROR:__main__:<bound method Process.name of psutil.Process(pid=177, name='coreaudiod', started='2018-06-12 12:45:44')>
2018-06-15 13:51:04,605:ERROR:__main__:<bound method Process.name of psutil.Process(pid=188, name='com.apple.audio.', started='2018-06-12 12:45:44')>
2018-06-15 13:51:04,605:ERROR:__main__:<bound method Process.name of psutil.Process(pid=189, name='com.apple.CodeSi', started='2018-06-12 12:45:44')>
2018-06-15 13:51:04,605:ERROR:__main__:<bound method Process.name of psutil.Process(pid=194, name='ctkahp', started='2018-06-12 12:45:44')>
2018-06-15 13:51:04,606:ERROR:__main__:<bound method Process.name of psutil.Process(pid=195, name='secinitd', started='2018-06-12 12:45:44')>
2018-06-15 13:51:04,606:ERROR:__main__:<bound method Process.name of psutil.Process(pid=197, name='com.apple.Accoun', started='2018-06-12 12:45:44')>
2018-06-15 13:51:04,606:ERROR:__main__:<bound method Process.name of psutil.Process(pid=203, name='symptomsd', started='2018-06-12 12:45:45')>
2018-06-15 13:51:04,606:ERROR:__main__:<bound method Process.name of psutil.Process(pid=209, name='nehelper', started='2018-06-12 12:45:45')>
2018-06-15 13:51:04,607:ERROR:__main__:<bound method Process.name of psutil.Process(pid=215, name='com.apple.GSSCre', started='2018-06-12 12:45:45')>
2018-06-15 13:51:04,607:ERROR:__main__:<bound method Process.name of psutil.Process(pid=220, name='com.apple.Perfor', started='2018-06-12 12:45:45')>
2018-06-15 13:51:04,607:ERROR:__main__:<bound method Process.name of psutil.Process(pid=222, name='CrashReporterSup', started='2018-06-12 12:45:45')>
2018-06-15 13:51:04,607:ERROR:__main__:<bound method Process.name of psutil.Process(pid=223, name='coresymbolicatio', started='2018-06-12 12:45:45')>
2018-06-15 13:51:04,608:ERROR:__main__:<bound method Process.name of psutil.Process(pid=228, name='coreauthd', started='2018-06-12 12:45:46')>
2018-06-15 13:51:04,608:ERROR:__main__:<bound method Process.name of psutil.Process(pid=229, name='securityd_servic', started='2018-06-12 12:45:46')>
2018-06-15 13:51:04,608:ERROR:__main__:<bound method Process.name of psutil.Process(pid=230, name='nsurlsessiond', started='2018-06-12 12:45:46')>
2018-06-15 13:51:04,608:ERROR:__main__:<bound method Process.name of psutil.Process(pid=231, name='ntpd', started='2018-06-12 12:45:46')>
2018-06-15 13:51:04,609:ERROR:__main__:<bound method Process.name of psutil.Process(pid=232, name='corestoraged', started='2018-06-12 12:45:46')>
2018-06-15 13:51:04,609:ERROR:__main__:<bound method Process.name of psutil.Process(pid=233, name='usbd', started='2018-06-12 12:45:46')>
2018-06-15 13:51:04,609:ERROR:__main__:<bound method Process.name of psutil.Process(pid=234, name='thermald', started='2018-06-12 12:45:46')>
2018-06-15 13:51:04,610:ERROR:__main__:<bound method Process.name of psutil.Process(pid=235, name='com.apple.ifdrea', started='2018-06-12 12:45:46')>
2018-06-15 13:51:04,610:ERROR:__main__:<bound method Process.name of psutil.Process(pid=236, name='VDCAssistant', started='2018-06-12 12:45:46')>
2018-06-15 13:51:04,610:ERROR:__main__:<bound method Process.name of psutil.Process(pid=240, name='cfprefsd', started='2018-06-12 12:45:46')>
2018-06-15 13:51:04,610:ERROR:__main__:<bound method Process.name of psutil.Process(pid=246, name='UserEventAgent', started='2018-06-12 12:45:47')>
2018-06-15 13:51:04,610:ERROR:__main__:<bound method Process.name of psutil.Process(pid=248, name='distnoted', started='2018-06-12 12:45:47')>
2018-06-15 13:51:04,611:ERROR:__main__:<bound method Process.name of psutil.Process(pid=250, name='lsd', started='2018-06-12 12:45:47')>
2018-06-15 13:51:04,611:ERROR:__main__:<bound method Process.name of psutil.Process(pid=251, name='CommCenter', started='2018-06-12 12:45:47')>
2018-06-15 13:51:04,611:ERROR:__main__:<bound method Process.name of psutil.Process(pid=252, name='trustd', started='2018-06-12 12:45:47')>
2018-06-15 13:51:04,611:ERROR:__main__:<bound method Process.name of psutil.Process(pid=260, name='akd', started='2018-06-12 12:45:47')>
2018-06-15 13:51:04,611:ERROR:__main__:<bound method Process.name of psutil.Process(pid=262, name='secd', started='2018-06-12 12:45:47')>
2018-06-15 13:51:04,612:ERROR:__main__:<bound method Process.name of psutil.Process(pid=263, name='nsurlstoraged', started='2018-06-12 12:45:47')>
2018-06-15 13:51:04,612:ERROR:__main__:<bound method Process.name of psutil.Process(pid=264, name='callservicesd', started='2018-06-12 12:45:47')>
2018-06-15 13:51:04,612:ERROR:__main__:<bound method Process.name of psutil.Process(pid=266, name='accountsd', started='2018-06-12 12:45:47')>
2018-06-15 13:51:04,612:ERROR:__main__:<bound method Process.name of psutil.Process(pid=267, name='identityservicesd', started='2018-06-12 12:45:47')>
2018-06-15 13:51:04,612:ERROR:__main__:<bound method Process.name of psutil.Process(pid=268, name='imagent', started='2018-06-12 12:45:47')>
2018-06-15 13:51:04,613:ERROR:__main__:<bound method Process.name of psutil.Process(pid=269, name='tccd', started='2018-06-12 12:45:47')>
2018-06-15 13:51:04,613:ERROR:__main__:<bound method Process.name of psutil.Process(pid=271, name='IMDPersistenceAgent', started='2018-06-12 12:45:47')>
2018-06-15 13:51:04,613:ERROR:__main__:<bound method Process.name of psutil.Process(pid=272, name='WirelessRadioMan', started='2018-06-12 12:45:48')>
2018-06-15 13:51:04,613:ERROR:__main__:<bound method Process.name of psutil.Process(pid=273, name='ContactsAccountsService', started='2018-06-12 12:45:48')>
2018-06-15 13:51:04,614:ERROR:__main__:<bound method Process.name of psutil.Process(pid=274, name='mapspushd', started='2018-06-12 12:45:48')>
2018-06-15 13:51:04,614:ERROR:__main__:<bound method Process.name of psutil.Process(pid=275, name='CalendarAgent', started='2018-06-12 12:45:48')>
2018-06-15 13:51:04,614:ERROR:__main__:<bound method Process.name of psutil.Process(pid=277, name='cloudphotosd', started='2018-06-12 12:45:48')>
2018-06-15 13:51:04,614:ERROR:__main__:<bound method Process.name of psutil.Process(pid=278, name='secinitd', started='2018-06-12 12:45:48')>
2018-06-15 13:51:04,614:ERROR:__main__:<bound method Process.name of psutil.Process(pid=279, name='usernoted', started='2018-06-12 12:45:48')>
2018-06-15 13:51:04,614:ERROR:__main__:<bound method Process.name of psutil.Process(pid=280, name='CalNCService', started='2018-06-12 12:45:48')>
2018-06-15 13:51:04,615:ERROR:__main__:<bound method Process.name of psutil.Process(pid=281, name='nsurlsessiond', started='2018-06-12 12:45:48')>
2018-06-15 13:51:04,615:ERROR:__main__:<bound method Process.name of psutil.Process(pid=282, name='networkserviceproxy', started='2018-06-12 12:45:48')>
2018-06-15 13:51:04,615:ERROR:__main__:<bound method Process.name of psutil.Process(pid=284, name='photoanalysisd', started='2018-06-12 12:45:48')>
2018-06-15 13:51:04,615:ERROR:__main__:<bound method Process.name of psutil.Process(pid=285, name='followupd', started='2018-06-12 12:45:48')>
2018-06-15 13:51:04,615:ERROR:__main__:<bound method Process.name of psutil.Process(pid=286, name='suggestd', started='2018-06-12 12:45:48')>
2018-06-15 13:51:04,616:ERROR:__main__:<bound method Process.name of psutil.Process(pid=288, name='bird', started='2018-06-12 12:45:48')>
2018-06-15 13:51:04,616:ERROR:__main__:<bound method Process.name of psutil.Process(pid=289, name='nbagent', started='2018-06-12 12:45:48')>
2018-06-15 13:51:04,616:ERROR:__main__:<bound method Process.name of psutil.Process(pid=290, name='keyboardservicesd', started='2018-06-12 12:45:48')>
2018-06-15 13:51:04,616:ERROR:__main__:<bound method Process.name of psutil.Process(pid=291, name='SafariCloudHistoryPushAgent', started='2018-06-12 12:45:48')>
2018-06-15 13:51:04,617:ERROR:__main__:<bound method Process.name of psutil.Process(pid=293, name='akd', started='2018-06-12 12:45:48')>
2018-06-15 13:51:04,617:ERROR:__main__:<bound method Process.name of psutil.Process(pid=294, name='CallHistorySyncHelper', started='2018-06-12 12:45:48')>
2018-06-15 13:51:04,617:ERROR:__main__:<bound method Process.name of psutil.Process(pid=295, name='gamed', started='2018-06-12 12:45:48')>
2018-06-15 13:51:04,617:ERROR:__main__:<bound method Process.name of psutil.Process(pid=296, name='askpermissiond', started='2018-06-12 12:45:48')>
2018-06-15 13:51:04,617:ERROR:__main__:<bound method Process.name of psutil.Process(pid=297, name='SafariBookmarksSyncAgent', started='2018-06-12 12:45:48')>
2018-06-15 13:51:04,618:ERROR:__main__:<bound method Process.name of psutil.Process(pid=298, name='AppleIDAuthAgent', started='2018-06-12 12:45:48')>
2018-06-15 13:51:04,618:ERROR:__main__:<bound method Process.name of psutil.Process(pid=299, name='passd', started='2018-06-12 12:45:48')>
2018-06-15 13:51:04,618:ERROR:__main__:<bound method Process.name of psutil.Process(pid=300, name='fmfd', started='2018-06-12 12:45:48')>
2018-06-15 13:51:04,618:ERROR:__main__:<bound method Process.name of psutil.Process(pid=301, name='nsurlstoraged', started='2018-06-12 12:45:48')>
2018-06-15 13:51:04,618:ERROR:__main__:<bound method Process.name of psutil.Process(pid=302, name='cloudd', started='2018-06-12 12:45:48')>
2018-06-15 13:51:04,619:ERROR:__main__:<bound method Process.name of psutil.Process(pid=303, name='syspolicyd', started='2018-06-12 12:45:48')>
2018-06-15 13:51:04,619:ERROR:__main__:<bound method Process.name of psutil.Process(pid=304, name='periodic-wrapper', started='2018-06-12 12:45:48')>
2018-06-15 13:51:04,619:ERROR:__main__:<bound method Process.name of psutil.Process(pid=305, name='softwareupdated', started='2018-06-12 12:45:48')>
2018-06-15 13:51:04,619:ERROR:__main__:<bound method Process.name of psutil.Process(pid=307, name='sharedfilelistd', started='2018-06-12 12:45:49')>
2018-06-15 13:51:04,620:ERROR:__main__:<bound method Process.name of psutil.Process(pid=308, name='pboard', started='2018-06-12 12:45:49')>
2018-06-15 13:51:04,620:ERROR:__main__:<bound method Process.name of psutil.Process(pid=312, name='Terminal', started='2018-06-12 12:45:49')>
2018-06-15 13:51:04,620:ERROR:__main__:<bound method Process.name of psutil.Process(pid=313, name='com.apple.CloudPhotosConfiguration', started='2018-06-12 12:45:49')>
2018-06-15 13:51:04,620:ERROR:__main__:<bound method Process.name of psutil.Process(pid=314, name='Sublime Text', started='2018-06-12 12:45:49')>
2018-06-15 13:51:04,620:ERROR:__main__:<bound method Process.name of psutil.Process(pid=316, name='VirtualBox', started='2018-06-12 12:45:49')>
2018-06-15 13:51:04,621:ERROR:__main__:<bound method Process.name of psutil.Process(pid=317, name='Dock', started='2018-06-12 12:45:49')>
2018-06-15 13:51:04,621:ERROR:__main__:<bound method Process.name of psutil.Process(pid=318, name='SystemUIServer', started='2018-06-12 12:45:49')>
2018-06-15 13:51:04,621:ERROR:__main__:<bound method Process.name of psutil.Process(pid=320, name='Finder', started='2018-06-12 12:45:49')>
2018-06-15 13:51:04,621:ERROR:__main__:<bound method Process.name of psutil.Process(pid=321, name='fontd', started='2018-06-12 12:45:49')>
2018-06-15 13:51:04,621:ERROR:__main__:<bound method Process.name of psutil.Process(pid=324, name='systemsoundserve', started='2018-06-12 12:45:49')>
2018-06-15 13:51:04,622:ERROR:__main__:<bound method Process.name of psutil.Process(pid=325, name='tccd', started='2018-06-12 12:45:49')>
2018-06-15 13:51:04,622:ERROR:__main__:<bound method Process.name of psutil.Process(pid=327, name='parsecd', started='2018-06-12 12:45:49')>
2018-06-15 13:51:04,622:ERROR:__main__:<bound method Process.name of psutil.Process(pid=328, name='com.apple.geod', started='2018-06-12 12:45:49')>
2018-06-15 13:51:04,622:ERROR:__main__:<bound method Process.name of psutil.Process(pid=330, name='deleted', started='2018-06-12 12:45:50')>
2018-06-15 13:51:04,622:ERROR:__main__:<bound method Process.name of psutil.Process(pid=331, name='storeaccountd', started='2018-06-12 12:45:50')>
2018-06-15 13:51:04,623:ERROR:__main__:<bound method Process.name of psutil.Process(pid=332, name='pkd', started='2018-06-12 12:45:50')>
2018-06-15 13:51:04,623:ERROR:__main__:<bound method Process.name of psutil.Process(pid=333, name='imklaunchagent', started='2018-06-12 12:45:50')>
2018-06-15 13:51:04,623:ERROR:__main__:<bound method Process.name of psutil.Process(pid=337, name='com.apple.quicklook.ThumbnailsAgent', started='2018-06-12 12:45:50')>
2018-06-15 13:51:04,623:ERROR:__main__:<bound method Process.name of psutil.Process(pid=338, name='TMCacheDelete', started='2018-06-12 12:45:50')>
2018-06-15 13:51:04,624:ERROR:__main__:<bound method Process.name of psutil.Process(pid=340, name='installd', started='2018-06-12 12:45:50')>
2018-06-15 13:51:04,624:ERROR:__main__:<bound method Process.name of psutil.Process(pid=341, name='storedownloadd', started='2018-06-12 12:45:50')>
2018-06-15 13:51:04,624:ERROR:__main__:<bound method Process.name of psutil.Process(pid=342, name='geodMachServiceBridge', started='2018-06-12 12:45:50')>
2018-06-15 13:51:04,624:ERROR:__main__:<bound method Process.name of psutil.Process(pid=343, name='AssetCache', started='2018-06-12 12:45:50')>
2018-06-15 13:51:04,624:ERROR:__main__:<bound method Process.name of psutil.Process(pid=344, name='system_installd', started='2018-06-12 12:45:50')>
2018-06-15 13:51:04,625:ERROR:__main__:<bound method Process.name of psutil.Process(pid=350, name='filecoordination', started='2018-06-12 12:45:50')>
2018-06-15 13:51:04,626:ERROR:__main__:<bound method Process.name of psutil.Process(pid=356, name='PAH_Extension', started='2018-06-12 12:45:51')>
2018-06-15 13:51:04,626:ERROR:__main__:<bound method Process.name of psutil.Process(pid=358, name='watchdogd', started='2018-06-12 12:45:51')>
2018-06-15 13:51:04,627:ERROR:__main__:<bound method Process.name of psutil.Process(pid=359, name='iconservicesagent', started='2018-06-12 12:45:51')>
2018-06-15 13:51:04,627:ERROR:__main__:<bound method Process.name of psutil.Process(pid=361, name='useractivityd', started='2018-06-12 12:45:51')>
2018-06-15 13:51:04,627:ERROR:__main__:<bound method Process.name of psutil.Process(pid=362, name='com.apple.dock.extra', started='2018-06-12 12:45:51')>
2018-06-15 13:51:04,627:ERROR:__main__:<bound method Process.name of psutil.Process(pid=364, name='login', started='2018-06-12 12:45:52')>
2018-06-15 13:51:04,628:ERROR:__main__:<bound method Process.name of psutil.Process(pid=365, name='bash', started='2018-06-12 12:45:52')>
2018-06-15 13:51:04,628:ERROR:__main__:<bound method Process.name of psutil.Process(pid=366, name='com.apple.audio.', started='2018-06-12 12:45:52')>
2018-06-15 13:51:04,628:ERROR:__main__:<bound method Process.name of psutil.Process(pid=370, name='sharingd', started='2018-06-12 12:45:52')>
2018-06-15 13:51:04,628:ERROR:__main__:<bound method Process.name of psutil.Process(pid=371, name='soagent', started='2018-06-12 12:45:52')>
2018-06-15 13:51:04,629:ERROR:__main__:<bound method Process.name of psutil.Process(pid=374, name='CallHistoryPluginHelper', started='2018-06-12 12:45:52')>
2018-06-15 13:51:04,629:ERROR:__main__:<bound method Process.name of psutil.Process(pid=376, name='captiveagent', started='2018-06-12 12:45:53')>
2018-06-15 13:51:04,629:ERROR:__main__:<bound method Process.name of psutil.Process(pid=377, name='CloudKeychainProxy', started='2018-06-12 12:45:53')>
2018-06-15 13:51:04,630:ERROR:__main__:<bound method Process.name of psutil.Process(pid=378, name='plugin_host', started='2018-06-12 12:45:53')>
2018-06-15 13:51:04,630:ERROR:__main__:<bound method Process.name of psutil.Process(pid=379, name='Spotlight', started='2018-06-12 12:45:53')>
2018-06-15 13:51:04,630:ERROR:__main__:<bound method Process.name of psutil.Process(pid=384, name='sharedfilelistd', started='2018-06-12 12:45:53')>
2018-06-15 13:51:04,631:ERROR:__main__:<bound method Process.name of psutil.Process(pid=388, name='swcd', started='2018-06-12 12:45:54')>
2018-06-15 13:51:04,631:ERROR:__main__:<bound method Process.name of psutil.Process(pid=389, name='videosubscriptionsd', started='2018-06-12 12:45:54')>
2018-06-15 13:51:04,631:ERROR:__main__:<bound method Process.name of psutil.Process(pid=390, name='storeassetd', started='2018-06-12 12:45:54')>
2018-06-15 13:51:04,631:ERROR:__main__:<bound method Process.name of psutil.Process(pid=391, name='ctkahp', started='2018-06-12 12:45:54')>
2018-06-15 13:51:04,632:ERROR:__main__:<bound method Process.name of psutil.Process(pid=392, name='coreauthd', started='2018-06-12 12:45:54')>
2018-06-15 13:51:04,632:ERROR:__main__:<bound method Process.name of psutil.Process(pid=393, name='ctkd', started='2018-06-12 12:45:54')>
2018-06-15 13:51:04,632:ERROR:__main__:<bound method Process.name of psutil.Process(pid=395, name='pbs', started='2018-06-12 12:45:54')>
2018-06-15 13:51:04,633:ERROR:__main__:<bound method Process.name of psutil.Process(pid=396, name='MTLCompilerService', started='2018-06-12 12:45:54')>
2018-06-15 13:51:04,633:ERROR:__main__:<bound method Process.name of psutil.Process(pid=397, name='MTLCompilerService', started='2018-06-12 12:45:54')>
2018-06-15 13:51:04,634:ERROR:__main__:<bound method Process.name of psutil.Process(pid=401, name='WiFiProxy', started='2018-06-12 12:45:55')>
2018-06-15 13:51:04,634:ERROR:__main__:<bound method Process.name of psutil.Process(pid=404, name='ContactsAgent', started='2018-06-12 12:45:57')>
2018-06-15 13:51:04,635:ERROR:__main__:<bound method Process.name of psutil.Process(pid=405, name='assistantd', started='2018-06-12 12:45:57')>
2018-06-15 13:51:04,635:ERROR:__main__:<bound method Process.name of psutil.Process(pid=408, name='com.apple.iTunesLibraryService', started='2018-06-12 12:45:57')>
2018-06-15 13:51:04,635:ERROR:__main__:<bound method Process.name of psutil.Process(pid=409, name='MTLCompilerService', started='2018-06-12 12:45:57')>
2018-06-15 13:51:04,636:ERROR:__main__:<bound method Process.name of psutil.Process(pid=410, name='photolibraryd', started='2018-06-12 12:45:58')>
2018-06-15 13:51:04,636:ERROR:__main__:<bound method Process.name of psutil.Process(pid=427, name='FolderActionsDispatcher', started='2018-06-12 12:45:59')>
2018-06-15 13:51:04,636:ERROR:__main__:<bound method Process.name of psutil.Process(pid=428, name='spindump_agent', started='2018-06-12 12:45:59')>
2018-06-15 13:51:04,636:ERROR:__main__:<bound method Process.name of psutil.Process(pid=430, name='SocialPushAgent', started='2018-06-12 12:45:59')>
2018-06-15 13:51:04,637:ERROR:__main__:<bound method Process.name of psutil.Process(pid=435, name='NotificationCenter', started='2018-06-12 12:45:59')>
2018-06-15 13:51:04,637:ERROR:__main__:<bound method Process.name of psutil.Process(pid=436, name='Siri', started='2018-06-12 12:45:59')>
2018-06-15 13:51:04,637:ERROR:__main__:<bound method Process.name of psutil.Process(pid=438, name='icdd', started='2018-06-12 12:45:59')>
2018-06-15 13:51:04,637:ERROR:__main__:<bound method Process.name of psutil.Process(pid=443, name='AirPlayUIAgent', started='2018-06-12 12:45:59')>
2018-06-15 13:51:04,638:ERROR:__main__:<bound method Process.name of psutil.Process(pid=444, name='cloudpaird', started='2018-06-12 12:45:59')>
2018-06-15 13:51:04,638:ERROR:__main__:<bound method Process.name of psutil.Process(pid=446, name='WiFiAgent', started='2018-06-12 12:45:59')>
2018-06-15 13:51:04,638:ERROR:__main__:<bound method Process.name of psutil.Process(pid=447, name='diagnostics_agent', started='2018-06-12 12:45:59')>
2018-06-15 13:51:04,638:ERROR:__main__:<bound method Process.name of psutil.Process(pid=451, name='iTunesHelper', started='2018-06-12 12:45:59')>
2018-06-15 13:51:04,639:ERROR:__main__:<bound method Process.name of psutil.Process(pid=462, name='MTLCompilerService', started='2018-06-12 12:46:00')>
2018-06-15 13:51:04,639:ERROR:__main__:<bound method Process.name of psutil.Process(pid=488, name='com.apple.CommerceKit.TransactionService', started='2018-06-12 12:46:00')>
2018-06-15 13:51:04,639:ERROR:__main__:<bound method Process.name of psutil.Process(pid=490, name='com.apple.notificationcenterui.WeatherSummary', started='2018-06-12 12:46:00')>
2018-06-15 13:51:04,639:ERROR:__main__:<bound method Process.name of psutil.Process(pid=491, name='media-indexer', started='2018-06-12 12:46:01')>
2018-06-15 13:51:04,640:ERROR:__main__:<bound method Process.name of psutil.Process(pid=492, name='com.apple.iTunesLibraryService', started='2018-06-12 12:46:01')>
2018-06-15 13:51:04,640:ERROR:__main__:<bound method Process.name of psutil.Process(pid=496, name='ViewBridgeAuxiliary', started='2018-06-12 12:46:02')>
2018-06-15 13:51:04,640:ERROR:__main__:<bound method Process.name of psutil.Process(pid=497, name='ContainerMetadataExtractor', started='2018-06-12 12:46:02')>
2018-06-15 13:51:04,641:ERROR:__main__:<bound method Process.name of psutil.Process(pid=498, name='CoreLocationAgent', started='2018-06-12 12:46:02')>
2018-06-15 13:51:04,641:ERROR:__main__:<bound method Process.name of psutil.Process(pid=499, name='sysmond', started='2018-06-12 12:46:02')>
2018-06-15 13:51:04,641:ERROR:__main__:<bound method Process.name of psutil.Process(pid=502, name='suhelperd', started='2018-06-12 12:46:04')>
2018-06-15 13:51:04,641:ERROR:__main__:<bound method Process.name of psutil.Process(pid=503, name='com.apple.audio.SandboxHelper', started='2018-06-12 12:46:04')>
2018-06-15 13:51:04,642:ERROR:__main__:<bound method Process.name of psutil.Process(pid=507, name='WiFiVelocityAgent', started='2018-06-12 12:46:04')>
2018-06-15 13:51:04,642:ERROR:__main__:<bound method Process.name of psutil.Process(pid=508, name='mediaremoteagent', started='2018-06-12 12:46:05')>
2018-06-15 13:51:04,642:ERROR:__main__:<bound method Process.name of psutil.Process(pid=509, name='IMRemoteURLConnectionAgent', started='2018-06-12 12:46:05')>
2018-06-15 13:51:04,644:ERROR:__main__:<bound method Process.name of psutil.Process(pid=510, name='IMRemoteURLConnectionAgent', started='2018-06-12 12:46:05')>
2018-06-15 13:51:04,645:ERROR:__main__:<bound method Process.name of psutil.Process(pid=511, name='IMRemoteURLConnectionAgent', started='2018-06-12 12:46:05')>
2018-06-15 13:51:04,645:ERROR:__main__:<bound method Process.name of psutil.Process(pid=513, name='SubmitDiagInfo', started='2018-06-12 12:46:06')>
2018-06-15 13:51:04,646:ERROR:__main__:<bound method Process.name of psutil.Process(pid=515, name='spindump', started='2018-06-12 12:46:07')>
2018-06-15 13:51:04,646:ERROR:__main__:<bound method Process.name of psutil.Process(pid=531, name='AppleSpell', started='2018-06-12 12:46:09')>
2018-06-15 13:51:04,646:ERROR:__main__:<bound method Process.name of psutil.Process(pid=532, name='wifivelocityd', started='2018-06-12 12:46:09')>
2018-06-15 13:51:04,646:ERROR:__main__:<bound method Process.name of psutil.Process(pid=533, name='softwareupdate_notify_agent', started='2018-06-12 12:46:09')>
2018-06-15 13:51:04,646:ERROR:__main__:<bound method Process.name of psutil.Process(pid=535, name='storelegacy', started='2018-06-12 12:46:09')>
2018-06-15 13:51:04,647:ERROR:__main__:<bound method Process.name of psutil.Process(pid=536, name='LaterAgent', started='2018-06-12 12:46:10')>
2018-06-15 13:51:04,647:ERROR:__main__:<bound method Process.name of psutil.Process(pid=541, name='mdworker', started='2018-06-12 12:46:16')>
2018-06-15 13:51:04,647:ERROR:__main__:<bound method Process.name of psutil.Process(pid=542, name='mdworker', started='2018-06-12 12:46:16')>
2018-06-15 13:51:04,647:ERROR:__main__:<bound method Process.name of psutil.Process(pid=546, name='AssetCacheLocatorService', started='2018-06-12 12:46:19')>
2018-06-15 13:51:04,648:ERROR:__main__:<bound method Process.name of psutil.Process(pid=547, name='trustd', started='2018-06-12 12:46:20')>
2018-06-15 13:51:04,648:ERROR:__main__:<bound method Process.name of psutil.Process(pid=548, name='com.apple.photomoments', started='2018-06-12 12:46:20')>
2018-06-15 13:51:04,648:ERROR:__main__:<bound method Process.name of psutil.Process(pid=549, name='com.apple.PhotoIngestService', started='2018-06-12 12:46:20')>
2018-06-15 13:51:04,648:ERROR:__main__:<bound method Process.name of psutil.Process(pid=550, name='CMFSyncAgent', started='2018-06-12 12:46:21')>
2018-06-15 13:51:04,648:ERROR:__main__:<bound method Process.name of psutil.Process(pid=554, name='USBAgent', started='2018-06-12 12:46:24')>
2018-06-15 13:51:04,649:ERROR:__main__:<bound method Process.name of psutil.Process(pid=555, name='MTLCompilerService', started='2018-06-12 12:46:27')>
2018-06-15 13:51:04,649:ERROR:__main__:<bound method Process.name of psutil.Process(pid=567, name='storeinstalld', started='2018-06-12 12:47:12')>
2018-06-15 13:51:04,649:ERROR:__main__:<bound method Process.name of psutil.Process(pid=568, name='com.apple.CommerceKit.TransactionService', started='2018-06-12 12:47:12')>
2018-06-15 13:51:04,649:ERROR:__main__:<bound method Process.name of psutil.Process(pid=584, name='com.apple.geod', started='2018-06-12 12:47:43')>
2018-06-15 13:51:04,650:ERROR:__main__:<bound method Process.name of psutil.Process(pid=585, name='secinitd', started='2018-06-12 12:47:43')>
2018-06-15 13:51:04,650:ERROR:__main__:<bound method Process.name of psutil.Process(pid=587, name='distnoted', started='2018-06-12 12:47:44')>
2018-06-15 13:51:04,650:ERROR:__main__:<bound method Process.name of psutil.Process(pid=598, name='distnoted', started='2018-06-12 12:49:10')>
2018-06-15 13:51:04,650:ERROR:__main__:<bound method Process.name of psutil.Process(pid=599, name='mdflagwriter', started='2018-06-12 12:49:11')>
2018-06-15 13:51:04,650:ERROR:__main__:<bound method Process.name of psutil.Process(pid=600, name='mdflagwriter', started='2018-06-12 12:49:16')>
2018-06-15 13:51:04,650:ERROR:__main__:<bound method Process.name of psutil.Process(pid=604, name='installerdiagd', started='2018-06-12 12:50:43')>
2018-06-15 13:51:04,651:ERROR:__main__:<bound method Process.name of psutil.Process(pid=606, name='assistant_service', started='2018-06-12 12:51:59')>
2018-06-15 13:51:04,651:ERROR:__main__:<bound method Process.name of psutil.Process(pid=608, name='com.apple.iTunesLibraryService', started='2018-06-12 12:52:00')>
2018-06-15 13:51:04,651:ERROR:__main__:<bound method Process.name of psutil.Process(pid=613, name='OSDUIHelper', started='2018-06-12 12:54:51')>
2018-06-15 13:51:04,651:ERROR:__main__:<bound method Process.name of psutil.Process(pid=614, name='MTLCompilerService', started='2018-06-12 12:54:51')>
2018-06-15 13:51:04,652:ERROR:__main__:<bound method Process.name of psutil.Process(pid=677, name='periodic-wrapper', started='2018-06-12 13:46:08')>
2018-06-15 13:51:04,652:ERROR:__main__:<bound method Process.name of psutil.Process(pid=727, name='KeychainSyncingOverIDSProxy', started='2018-06-12 16:27:59')>
2018-06-15 13:51:04,653:ERROR:__main__:<bound method Process.name of psutil.Process(pid=733, name='applessdstatisti', started='2018-06-12 17:13:10')>
2018-06-15 13:51:04,653:ERROR:__main__:<bound method Process.name of psutil.Process(pid=735, name='diskspaced', started='2018-06-12 17:13:10')>
2018-06-15 13:51:04,653:ERROR:__main__:<bound method Process.name of psutil.Process(pid=736, name='ProtectedCloudKeySyncing', started='2018-06-12 17:13:10')>
2018-06-15 13:51:04,653:ERROR:__main__:<bound method Process.name of psutil.Process(pid=737, name='EscrowSecurityAlert', started='2018-06-12 17:13:10')>
2018-06-15 13:51:04,654:ERROR:__main__:<bound method Process.name of psutil.Process(pid=741, name='com.apple.sbd', started='2018-06-12 17:13:13')>
2018-06-15 13:51:04,654:ERROR:__main__:<bound method Process.name of psutil.Process(pid=743, name='cdpd', started='2018-06-12 17:13:14')>
2018-06-15 13:51:04,654:ERROR:__main__:<bound method Process.name of psutil.Process(pid=814, name='com.apple.speech.speechsynthesisd', started='2018-06-12 18:02:31')>
2018-06-15 13:51:04,654:ERROR:__main__:<bound method Process.name of psutil.Process(pid=1528, name='taskgated', started='2018-06-12 18:42:02')>
2018-06-15 13:51:04,655:ERROR:__main__:<bound method Process.name of psutil.Process(pid=1629, name='sqlite3', started='2018-06-12 18:42:11')>
2018-06-15 13:51:04,655:ERROR:__main__:<bound method Process.name of psutil.Process(pid=1712, name='DataDetectorsSou', started='2018-06-12 20:26:51')>
2018-06-15 13:51:04,655:ERROR:__main__:<bound method Process.name of psutil.Process(pid=1720, name='sqlite3', started='2018-06-12 20:27:59')>
2018-06-15 13:51:04,655:ERROR:__main__:<bound method Process.name of psutil.Process(pid=1851, name='MTLCompilerService', started='2018-06-12 21:22:45')>
2018-06-15 13:51:04,656:ERROR:__main__:<bound method Process.name of psutil.Process(pid=1930, name='gamecontrollerd', started='2018-06-12 21:34:57')>
2018-06-15 13:51:04,656:ERROR:__main__:<bound method Process.name of psutil.Process(pid=2094, name='Python', started='2018-06-12 22:06:53')>
2018-06-15 13:51:04,656:ERROR:__main__:<bound method Process.name of psutil.Process(pid=2482, name='login', started='2018-06-12 22:12:49')>
2018-06-15 13:51:04,656:ERROR:__main__:<bound method Process.name of psutil.Process(pid=2483, name='bash', started='2018-06-12 22:12:49')>
2018-06-15 13:51:04,657:ERROR:__main__:<bound method Process.name of psutil.Process(pid=2895, name='printtool', started='2018-06-12 22:24:54')>
2018-06-15 13:51:04,657:ERROR:__main__:<bound method Process.name of psutil.Process(pid=3340, name='netbiosd', started='14:10:07')>
2018-06-15 13:51:04,657:ERROR:__main__:<bound method Process.name of psutil.Process(pid=3506, name='DiskUnmountWatcher', started='14:22:26')>
2018-06-15 13:51:04,657:ERROR:__main__:<bound method Process.name of psutil.Process(pid=3509, name='mdworker', started='14:22:33')>
2018-06-15 13:51:04,658:ERROR:__main__:<bound method Process.name of psutil.Process(pid=3510, name='mdworker', started='14:22:33')>
2018-06-15 13:51:04,658:ERROR:__main__:<bound method Process.name of psutil.Process(pid=3511, name='mdworker', started='14:22:43')>
2018-06-15 13:51:04,658:ERROR:__main__:<bound method Process.name of psutil.Process(pid=3516, name='mdworker', started='14:22:50')>
2018-06-15 13:51:04,658:ERROR:__main__:<bound method Process.name of psutil.Process(pid=3617, name='Python', started='15:16:55')>
2018-06-15 13:51:04,658:ERROR:__main__:<bound method Process.name of psutil.Process(pid=4153, name='mdwrite', started='11:49:05')>
2018-06-15 13:51:04,659:ERROR:__main__:<bound method Process.name of psutil.Process(pid=4229, name='CoreServicesUIAgent', started='12:23:12')>
2018-06-15 13:51:04,659:ERROR:__main__:<bound method Process.name of psutil.Process(pid=4230, name='XprotectService', started='12:23:12')>
2018-06-15 13:51:04,660:ERROR:__main__:<bound method Process.name of psutil.Process(pid=4315, name='PrintUITool', started='13:09:32')>
2018-06-15 13:51:04,660:ERROR:__main__:<bound method Process.name of psutil.Process(pid=4316, name='DiskArbitrationAgent', started='13:09:33')>
2018-06-15 13:51:04,660:ERROR:__main__:<bound method Process.name of psutil.Process(pid=4348, name='mdworker', started='13:10:23')>
2018-06-15 13:51:04,661:ERROR:__main__:<bound method Process.name of psutil.Process(pid=4365, name='com.apple.iCloudHelper', started='13:22:32')>
2018-06-15 13:51:04,661:ERROR:__main__:<bound method Process.name of psutil.Process(pid=4383, name='Python', started='13:40:05')>
2018-06-15 13:51:04,661:ERROR:__main__:<bound method Process.name of psutil.Process(pid=4401, name='quicklookd', started='13:48:27')>
2018-06-15 13:51:04,661:ERROR:__main__:<bound method Process.name of psutil.Process(pid=4402, name='ocspd', started='13:48:27')>
2018-06-15 13:51:04,662:ERROR:__main__:<bound method Process.name of psutil.Process(pid=4410, name='Python', started='13:51:03')>
